
> backend@1.0.0 start
> node src/server.js

◇ injected env (0) from .env // tip: ⌘ custom filepath { path: '/custom/path/.env' }
MongoDB Connection Failed: MONGODB_URI is not defined in environment variables
node:events:497
      throw er; // Unhandled 'error' event
      ^

Error: listen EADDRINUSE: address already in use :::5000
    at Server.setupListenHandle [as _listen2] (node:net:1940:16)
    at listenInCluster (node:net:1997:12)
    at Server.listen (node:net:2102:7)
    at Function.listen (/app/backend/node_modules/express/lib/application.js:621:24)
    at startServer (file:///app/backend/src/server.js:15:24)
Emitted 'error' event on Server instance at:
    at emitErrorNT (node:net:1976:8)
    at process.processTicksAndRejections (node:internal/process/task_queues:89:21) {
  code: 'EADDRINUSE',
  errno: -98,
  syscall: 'listen',
  address: '::',
  port: 5000
}

Node.js v22.22.1
